<?xml version="1.0" encoding="UTF-8"?>
<testsuite name="com.jojoldu.book.springboot.web.HelloControllerTest" tests="2" skipped="0" failures="0" errors="0" timestamp="2020-03-28T07:31:06" hostname="DESKTOP-77OBDL6" time="0.189">
  <properties/>
  <testcase name="hello가_리턴된다" classname="com.jojoldu.book.springboot.web.HelloControllerTest" time="0.051"/>
  <testcase name="helloDto가_리턴된다" classname="com.jojoldu.book.springboot.web.HelloControllerTest" time="0.137"/>
  <system-out><![CDATA[2020-03-28 16:31:04.228  INFO 17172 --- [    Test worker] .b.t.a.w.s.WebMvcTestContextBootstrapper : Neither @ContextConfiguration nor @ContextHierarchy found for test class [com.jojoldu.book.springboot.web.HelloControllerTest], using SpringBootContextLoader
2020-03-28 16:31:04.230  INFO 17172 --- [    Test worker] o.s.t.c.support.AbstractContextLoader    : Could not detect default resource locations for test class [com.jojoldu.book.springboot.web.HelloControllerTest]: no resource found for suffixes {-context.xml, Context.groovy}.
2020-03-28 16:31:04.230  INFO 17172 --- [    Test worker] t.c.s.AnnotationConfigContextLoaderUtils : Could not detect default configuration classes for test class [com.jojoldu.book.springboot.web.HelloControllerTest]: HelloControllerTest does not declare any static, non-private, non-final, nested classes annotated with @Configuration.
2020-03-28 16:31:04.260  INFO 17172 --- [    Test worker] .b.t.c.SpringBootTestContextBootstrapper : Found @SpringBootConfiguration com.jojoldu.book.springboot.Application for test class com.jojoldu.book.springboot.web.HelloControllerTest
2020-03-28 16:31:04.260  INFO 17172 --- [    Test worker] .b.t.a.w.s.WebMvcTestContextBootstrapper : Loaded default TestExecutionListener class names from location [META-INF/spring.factories]: [org.springframework.security.test.context.support.WithSecurityContextTestExecutionListener, org.springframework.security.test.context.support.ReactorContextTestExecutionListener, org.springframework.boot.test.autoconfigure.restdocs.RestDocsTestExecutionListener, org.springframework.boot.test.autoconfigure.web.client.MockRestServiceServerResetTestExecutionListener, org.springframework.boot.test.autoconfigure.web.servlet.MockMvcPrintOnlyOnFailureTestExecutionListener, org.springframework.boot.test.autoconfigure.web.servlet.WebDriverTestExecutionListener, org.springframework.boot.test.mock.mockito.MockitoTestExecutionListener, org.springframework.boot.test.mock.mockito.ResetMocksTestExecutionListener, org.springframework.test.context.web.ServletTestExecutionListener, org.springframework.test.context.support.DirtiesContextBeforeModesTestExecutionListener, org.springframework.test.context.support.DependencyInjectionTestExecutionListener, org.springframework.test.context.support.DirtiesContextTestExecutionListener, org.springframework.test.context.transaction.TransactionalTestExecutionListener, org.springframework.test.context.jdbc.SqlScriptsTestExecutionListener]
2020-03-28 16:31:04.264  INFO 17172 --- [    Test worker] .b.t.a.w.s.WebMvcTestContextBootstrapper : Using TestExecutionListeners: [org.springframework.test.context.web.ServletTestExecutionListener@995b2e0, org.springframework.test.context.support.DirtiesContextBeforeModesTestExecutionListener@68b9447e, org.springframework.boot.test.mock.mockito.MockitoTestExecutionListener@a8784fe, org.springframework.boot.test.autoconfigure.SpringBootDependencyInjectionTestExecutionListener@1f3a2484, org.springframework.test.context.support.DirtiesContextTestExecutionListener@3b1c8731, org.springframework.test.context.transaction.TransactionalTestExecutionListener@1924be98, org.springframework.test.context.jdbc.SqlScriptsTestExecutionListener@2f326936, org.springframework.security.test.context.support.WithSecurityContextTestExecutionListener@61626650, org.springframework.security.test.context.support.ReactorContextTestExecutionListener@3e185042, org.springframework.boot.test.autoconfigure.restdocs.RestDocsTestExecutionListener@2f4e967, org.springframework.boot.test.autoconfigure.web.client.MockRestServiceServerResetTestExecutionListener@3eb35bd6, org.springframework.boot.test.autoconfigure.web.servlet.MockMvcPrintOnlyOnFailureTestExecutionListener@4c11fab6, org.springframework.boot.test.autoconfigure.web.servlet.WebDriverTestExecutionListener@30f72936, org.springframework.boot.test.mock.mockito.ResetMocksTestExecutionListener@156d419e]

  .   ____          _            __ _ _
 /\\ / ___'_ __ _ _(_)_ __  __ _ \ \ \ \
( ( )\___ | '_ | '_| | '_ \/ _` | \ \ \ \
 \\/  ___)| |_)| | | | | || (_| |  ) ) ) )
  '  |____| .__|_| |_|_| |_\__, | / / / /
 =========|_|==============|___/=/_/_/_/
 :: Spring Boot ::        (v2.1.7.RELEASE)

2020-03-28 16:31:04.348  INFO 17172 --- [    Test worker] c.j.b.s.web.HelloControllerTest          : Starting HelloControllerTest on DESKTOP-77OBDL6 with PID 17172 (started by s_seunghoe9542 in C:\Users\s_seunghoe9542\IdeaProjects\freelec-springboot2-webservice)
2020-03-28 16:31:04.350  INFO 17172 --- [    Test worker] c.j.b.s.web.HelloControllerTest          : No active profile set, falling back to default profiles: default
2020-03-28 16:31:05.184  INFO 17172 --- [    Test worker] o.s.s.concurrent.ThreadPoolTaskExecutor  : Initializing ExecutorService 'applicationTaskExecutor'
2020-03-28 16:31:05.238  INFO 17172 --- [    Test worker] o.s.b.a.w.s.WelcomePageHandlerMapping    : Adding welcome page template: index
2020-03-28 16:31:05.666  INFO 17172 --- [    Test worker] .s.s.UserDetailsServiceAutoConfiguration : 

Using generated security password: 24f9bcd1-b19a-4078-927b-d8ef69fda33e

2020-03-28 16:31:05.962  INFO 17172 --- [    Test worker] o.s.s.web.DefaultSecurityFilterChain     : Creating filter chain: any request, [org.springframework.security.web.context.request.async.WebAsyncManagerIntegrationFilter@1388134c, org.springframework.security.web.context.SecurityContextPersistenceFilter@5955fb80, org.springframework.security.web.header.HeaderWriterFilter@3649c911, org.springframework.security.web.csrf.CsrfFilter@2794dff3, org.springframework.security.web.authentication.logout.LogoutFilter@146bbe75, org.springframework.security.web.authentication.UsernamePasswordAuthenticationFilter@39cbdf6b, org.springframework.security.web.authentication.ui.DefaultLoginPageGeneratingFilter@2baa1bb4, org.springframework.security.web.authentication.ui.DefaultLogoutPageGeneratingFilter@3decd5a0, org.springframework.security.web.authentication.www.BasicAuthenticationFilter@193efc9c, org.springframework.security.web.savedrequest.RequestCacheAwareFilter@7bc36f04, org.springframework.security.web.servletapi.SecurityContextHolderAwareRequestFilter@3ba202c, org.springframework.security.web.authentication.AnonymousAuthenticationFilter@53d8049d, org.springframework.security.web.session.SessionManagementFilter@37a3e36c, org.springframework.security.web.access.ExceptionTranslationFilter@42ac1315, org.springframework.security.web.access.intercept.FilterSecurityInterceptor@366e2388]
2020-03-28 16:31:05.998  INFO 17172 --- [    Test worker] o.s.b.t.m.w.SpringBootMockServletContext : Initializing Spring TestDispatcherServlet ''
2020-03-28 16:31:05.998  INFO 17172 --- [    Test worker] o.s.t.web.servlet.TestDispatcherServlet  : Initializing Servlet ''
2020-03-28 16:31:06.012  INFO 17172 --- [    Test worker] o.s.t.web.servlet.TestDispatcherServlet  : Completed initialization in 14 ms
2020-03-28 16:31:06.073  INFO 17172 --- [    Test worker] c.j.b.s.web.HelloControllerTest          : Started HelloControllerTest in 1.801 seconds (JVM running for 21.125)
]]></system-out>
  <system-err><![CDATA[]]></system-err>
</testsuite>
