<?xml version="1.0" encoding="UTF-8"?>
<testsuite name="com.jojoldu.book.springboot.web.IndexControllerTest" tests="1" skipped="0" failures="0" errors="0" timestamp="2020-03-30T07:46:19" hostname="DESKTOP-77OBDL6" time="0.314">
  <properties/>
  <testcase name="메인페이지_로딩" classname="com.jojoldu.book.springboot.web.IndexControllerTest" time="0.314"/>
  <system-out><![CDATA[2020-03-30 16:46:15.250  INFO 15628 --- [    Test worker] .b.t.c.SpringBootTestContextBootstrapper : Neither @ContextConfiguration nor @ContextHierarchy found for test class [com.jojoldu.book.springboot.web.IndexControllerTest], using SpringBootContextLoader
2020-03-30 16:46:15.253  INFO 15628 --- [    Test worker] o.s.t.c.support.AbstractContextLoader    : Could not detect default resource locations for test class [com.jojoldu.book.springboot.web.IndexControllerTest]: no resource found for suffixes {-context.xml, Context.groovy}.
2020-03-30 16:46:15.253  INFO 15628 --- [    Test worker] t.c.s.AnnotationConfigContextLoaderUtils : Could not detect default configuration classes for test class [com.jojoldu.book.springboot.web.IndexControllerTest]: IndexControllerTest does not declare any static, non-private, non-final, nested classes annotated with @Configuration.
2020-03-30 16:46:15.257  INFO 15628 --- [    Test worker] .b.t.c.SpringBootTestContextBootstrapper : Found @SpringBootConfiguration com.jojoldu.book.springboot.Application for test class com.jojoldu.book.springboot.web.IndexControllerTest
2020-03-30 16:46:15.259  INFO 15628 --- [    Test worker] .b.t.c.SpringBootTestContextBootstrapper : Loaded default TestExecutionListener class names from location [META-INF/spring.factories]: [org.springframework.security.test.context.support.WithSecurityContextTestExecutionListener, org.springframework.security.test.context.support.ReactorContextTestExecutionListener, org.springframework.boot.test.autoconfigure.restdocs.RestDocsTestExecutionListener, org.springframework.boot.test.autoconfigure.web.client.MockRestServiceServerResetTestExecutionListener, org.springframework.boot.test.autoconfigure.web.servlet.MockMvcPrintOnlyOnFailureTestExecutionListener, org.springframework.boot.test.autoconfigure.web.servlet.WebDriverTestExecutionListener, org.springframework.boot.test.mock.mockito.MockitoTestExecutionListener, org.springframework.boot.test.mock.mockito.ResetMocksTestExecutionListener, org.springframework.test.context.web.ServletTestExecutionListener, org.springframework.test.context.support.DirtiesContextBeforeModesTestExecutionListener, org.springframework.test.context.support.DependencyInjectionTestExecutionListener, org.springframework.test.context.support.DirtiesContextTestExecutionListener, org.springframework.test.context.transaction.TransactionalTestExecutionListener, org.springframework.test.context.jdbc.SqlScriptsTestExecutionListener]
2020-03-30 16:46:15.262  INFO 15628 --- [    Test worker] .b.t.c.SpringBootTestContextBootstrapper : Using TestExecutionListeners: [org.springframework.test.context.web.ServletTestExecutionListener@6a837574, org.springframework.test.context.support.DirtiesContextBeforeModesTestExecutionListener@7274a82f, org.springframework.boot.test.mock.mockito.MockitoTestExecutionListener@755596d2, org.springframework.boot.test.autoconfigure.SpringBootDependencyInjectionTestExecutionListener@9ec5f32, org.springframework.test.context.support.DirtiesContextTestExecutionListener@7835a3ae, org.springframework.test.context.transaction.TransactionalTestExecutionListener@2f575957, org.springframework.test.context.jdbc.SqlScriptsTestExecutionListener@76eda969, org.springframework.security.test.context.support.WithSecurityContextTestExecutionListener@1d936d49, org.springframework.security.test.context.support.ReactorContextTestExecutionListener@48ee8586, org.springframework.boot.test.autoconfigure.restdocs.RestDocsTestExecutionListener@5d66e02d, org.springframework.boot.test.autoconfigure.web.client.MockRestServiceServerResetTestExecutionListener@465bbc09, org.springframework.boot.test.autoconfigure.web.servlet.MockMvcPrintOnlyOnFailureTestExecutionListener@40a468ae, org.springframework.boot.test.autoconfigure.web.servlet.WebDriverTestExecutionListener@7cda1789, org.springframework.boot.test.mock.mockito.ResetMocksTestExecutionListener@1657e7b7]

  .   ____          _            __ _ _
 /\\ / ___'_ __ _ _(_)_ __  __ _ \ \ \ \
( ( )\___ | '_ | '_| | '_ \/ _` | \ \ \ \
 \\/  ___)| |_)| | | | | || (_| |  ) ) ) )
  '  |____| .__|_| |_|_| |_\__, | / / / /
 =========|_|==============|___/=/_/_/_/
 :: Spring Boot ::        (v2.1.9.RELEASE)

2020-03-30 16:46:15.365  INFO 15628 --- [    Test worker] c.j.b.s.web.IndexControllerTest          : Starting IndexControllerTest on DESKTOP-77OBDL6 with PID 15628 (started by s_seunghoe9542 in C:\Users\s_seunghoe9542\IdeaProjects\freelec-springboot2-webservice)
2020-03-30 16:46:15.366  INFO 15628 --- [    Test worker] c.j.b.s.web.IndexControllerTest          : No active profile set, falling back to default profiles: default
2020-03-30 16:46:15.843  INFO 15628 --- [    Test worker] .s.d.r.c.RepositoryConfigurationDelegate : Bootstrapping Spring Data repositories in DEFAULT mode.
2020-03-30 16:46:15.906  INFO 15628 --- [    Test worker] .s.d.r.c.RepositoryConfigurationDelegate : Finished Spring Data repository scanning in 63ms. Found 2 repository interfaces.
2020-03-30 16:46:16.086  INFO 15628 --- [    Test worker] trationDelegate$BeanPostProcessorChecker : Bean 'org.springframework.transaction.annotation.ProxyTransactionManagementConfiguration' of type [org.springframework.transaction.annotation.ProxyTransactionManagementConfiguration$$EnhancerBySpringCGLIB$$178f3ce5] is not eligible for getting processed by all BeanPostProcessors (for example: not eligible for auto-proxying)
2020-03-30 16:46:16.574  INFO 15628 --- [    Test worker] o.s.b.w.embedded.tomcat.TomcatWebServer  : Tomcat initialized with port(s): 0 (http)
2020-03-30 16:46:16.629  INFO 15628 --- [    Test worker] o.apache.catalina.core.StandardService   : Starting service [Tomcat]
2020-03-30 16:46:16.630  INFO 15628 --- [    Test worker] org.apache.catalina.core.StandardEngine  : Starting Servlet engine: [Apache Tomcat/9.0.26]
2020-03-30 16:46:16.979  INFO 15628 --- [    Test worker] o.a.c.c.C.[Tomcat].[localhost].[/]       : Initializing Spring embedded WebApplicationContext
2020-03-30 16:46:16.979  INFO 15628 --- [    Test worker] o.s.web.context.ContextLoader            : Root WebApplicationContext: initialization completed in 1603 ms
2020-03-30 16:46:17.331  INFO 15628 --- [    Test worker] com.zaxxer.hikari.HikariDataSource       : HikariPool-2 - Starting...
2020-03-30 16:46:17.333  INFO 15628 --- [    Test worker] com.zaxxer.hikari.HikariDataSource       : HikariPool-2 - Start completed.
2020-03-30 16:46:17.433  INFO 15628 --- [    Test worker] o.hibernate.jpa.internal.util.LogHelper  : HHH000204: Processing PersistenceUnitInfo [
	name: default
	...]
2020-03-30 16:46:17.461  INFO 15628 --- [    Test worker] org.hibernate.dialect.Dialect            : HHH000400: Using dialect: org.hibernate.dialect.MySQL5InnoDBDialect
Hibernate: drop table if exists posts
Hibernate: drop table if exists user
Hibernate: create table posts (id bigint not null auto_increment, created_date datetime, modified_date datetime, author varchar(255), content varchar(500) not null, title varchar(500) not null, primary key (id)) engine=InnoDB
Hibernate: create table user (id bigint not null auto_increment, created_date datetime, modified_date datetime, email varchar(255) not null, name varchar(255) not null, picture varchar(255), role varchar(255) not null, primary key (id)) engine=InnoDB
2020-03-30 16:46:17.573  INFO 15628 --- [    Test worker] o.h.t.schema.internal.SchemaCreatorImpl  : HHH000476: Executing import script 'org.hibernate.tool.schema.internal.exec.ScriptSourceInputNonExistentImpl@cccfcc4'
2020-03-30 16:46:17.573  INFO 15628 --- [    Test worker] j.LocalContainerEntityManagerFactoryBean : Initialized JPA EntityManagerFactory for persistence unit 'default'
2020-03-30 16:46:18.188  INFO 15628 --- [    Test worker] o.h.h.i.QueryTranslatorFactoryInitiator  : HHH000397: Using ASTQueryTranslatorFactory
2020-03-30 16:46:18.502  INFO 15628 --- [    Test worker] o.s.s.web.DefaultSecurityFilterChain     : Creating filter chain: any request, [org.springframework.security.web.context.request.async.WebAsyncManagerIntegrationFilter@4ba74abb, org.springframework.security.web.context.SecurityContextPersistenceFilter@24e76d50, org.springframework.security.web.header.HeaderWriterFilter@2463b49a, org.springframework.security.web.authentication.logout.LogoutFilter@3afcaf63, org.springframework.security.oauth2.client.web.OAuth2AuthorizationRequestRedirectFilter@76cd6c6c, org.springframework.security.oauth2.client.web.OAuth2LoginAuthenticationFilter@5dda1b3d, org.springframework.security.web.authentication.ui.DefaultLoginPageGeneratingFilter@25eedb63, org.springframework.security.web.authentication.ui.DefaultLogoutPageGeneratingFilter@3a31ba26, org.springframework.security.web.savedrequest.RequestCacheAwareFilter@1b3b5083, org.springframework.security.web.servletapi.SecurityContextHolderAwareRequestFilter@22c5f01a, org.springframework.security.web.authentication.AnonymousAuthenticationFilter@27821f00, org.springframework.security.web.session.SessionManagementFilter@b3193a2, org.springframework.security.web.access.ExceptionTranslationFilter@24736205, org.springframework.security.web.access.intercept.FilterSecurityInterceptor@74d0a6f7]
2020-03-30 16:46:18.859  INFO 15628 --- [    Test worker] o.s.s.concurrent.ThreadPoolTaskExecutor  : Initializing ExecutorService 'applicationTaskExecutor'
2020-03-30 16:46:18.889  WARN 15628 --- [    Test worker] aWebConfiguration$JpaWebMvcConfiguration : spring.jpa.open-in-view is enabled by default. Therefore, database queries may be performed during view rendering. Explicitly configure spring.jpa.open-in-view to disable this warning
2020-03-30 16:46:18.936  INFO 15628 --- [    Test worker] o.s.b.a.w.s.WelcomePageHandlerMapping    : Adding welcome page template: index
2020-03-30 16:46:19.427  INFO 15628 --- [    Test worker] s.a.ScheduledAnnotationBeanPostProcessor : No TaskScheduler/ScheduledExecutorService bean found for scheduled processing
2020-03-30 16:46:19.459  INFO 15628 --- [    Test worker] o.s.b.w.embedded.tomcat.TomcatWebServer  : Tomcat started on port(s): 56480 (http) with context path ''
2020-03-30 16:46:19.460  INFO 15628 --- [    Test worker] c.j.b.s.web.IndexControllerTest          : Started IndexControllerTest in 4.194 seconds (JVM running for 22.175)
2020-03-30 16:46:19.623  INFO 15628 --- [o-auto-1-exec-1] o.a.c.c.C.[Tomcat].[localhost].[/]       : Initializing Spring DispatcherServlet 'dispatcherServlet'
2020-03-30 16:46:19.624  INFO 15628 --- [o-auto-1-exec-1] o.s.web.servlet.DispatcherServlet        : Initializing Servlet 'dispatcherServlet'
2020-03-30 16:46:19.657  INFO 15628 --- [o-auto-1-exec-1] o.s.web.servlet.DispatcherServlet        : Completed initialization in 33 ms
Hibernate: select posts0_.id as id1_0_, posts0_.created_date as created_2_0_, posts0_.modified_date as modified3_0_, posts0_.author as author4_0_, posts0_.content as content5_0_, posts0_.title as title6_0_ from posts posts0_ order by posts0_.id DESC
]]></system-out>
  <system-err><![CDATA[]]></system-err>
</testsuite>
