<?xml version="1.0" encoding="UTF-8"?>
<testsuite name="com.jojoldu.book.springboot.web.ProfileControllerTest" tests="1" skipped="0" failures="0" errors="0" timestamp="2020-04-03T08:51:40" hostname="DESKTOP-77OBDL6" time="0.038">
  <properties/>
  <testcase name="profile은_인증없이_호출된다" classname="com.jojoldu.book.springboot.web.ProfileControllerTest" time="0.038"/>
  <system-out><![CDATA[2020-04-03 17:51:40.115  INFO 5596 --- [    Test worker] .b.t.c.SpringBootTestContextBootstrapper : Neither @ContextConfiguration nor @ContextHierarchy found for test class [com.jojoldu.book.springboot.web.ProfileControllerTest], using SpringBootContextLoader
2020-04-03 17:51:40.118  INFO 5596 --- [    Test worker] o.s.t.c.support.AbstractContextLoader    : Could not detect default resource locations for test class [com.jojoldu.book.springboot.web.ProfileControllerTest]: no resource found for suffixes {-context.xml, Context.groovy}.
2020-04-03 17:51:40.118  INFO 5596 --- [    Test worker] t.c.s.AnnotationConfigContextLoaderUtils : Could not detect default configuration classes for test class [com.jojoldu.book.springboot.web.ProfileControllerTest]: ProfileControllerTest does not declare any static, non-private, non-final, nested classes annotated with @Configuration.
2020-04-03 17:51:40.123  INFO 5596 --- [    Test worker] .b.t.c.SpringBootTestContextBootstrapper : Found @SpringBootConfiguration com.jojoldu.book.springboot.Application for test class com.jojoldu.book.springboot.web.ProfileControllerTest
2020-04-03 17:51:40.126  INFO 5596 --- [    Test worker] .b.t.c.SpringBootTestContextBootstrapper : Loaded default TestExecutionListener class names from location [META-INF/spring.factories]: [org.springframework.security.test.context.support.WithSecurityContextTestExecutionListener, org.springframework.security.test.context.support.ReactorContextTestExecutionListener, org.springframework.boot.test.autoconfigure.restdocs.RestDocsTestExecutionListener, org.springframework.boot.test.autoconfigure.web.client.MockRestServiceServerResetTestExecutionListener, org.springframework.boot.test.autoconfigure.web.servlet.MockMvcPrintOnlyOnFailureTestExecutionListener, org.springframework.boot.test.autoconfigure.web.servlet.WebDriverTestExecutionListener, org.springframework.boot.test.mock.mockito.MockitoTestExecutionListener, org.springframework.boot.test.mock.mockito.ResetMocksTestExecutionListener, org.springframework.test.context.web.ServletTestExecutionListener, org.springframework.test.context.support.DirtiesContextBeforeModesTestExecutionListener, org.springframework.test.context.support.DependencyInjectionTestExecutionListener, org.springframework.test.context.support.DirtiesContextTestExecutionListener, org.springframework.test.context.transaction.TransactionalTestExecutionListener, org.springframework.test.context.jdbc.SqlScriptsTestExecutionListener]
2020-04-03 17:51:40.129  INFO 5596 --- [    Test worker] .b.t.c.SpringBootTestContextBootstrapper : Using TestExecutionListeners: [org.springframework.test.context.web.ServletTestExecutionListener@2aa7b29d, org.springframework.test.context.support.DirtiesContextBeforeModesTestExecutionListener@3c64a144, org.springframework.boot.test.mock.mockito.MockitoTestExecutionListener@6cee296b, org.springframework.boot.test.autoconfigure.SpringBootDependencyInjectionTestExecutionListener@483bd226, org.springframework.test.context.support.DirtiesContextTestExecutionListener@5f9fb2e6, org.springframework.test.context.transaction.TransactionalTestExecutionListener@466846d0, org.springframework.test.context.jdbc.SqlScriptsTestExecutionListener@5b509a07, org.springframework.security.test.context.support.WithSecurityContextTestExecutionListener@4d6cc9a9, org.springframework.security.test.context.support.ReactorContextTestExecutionListener@6f464a60, org.springframework.boot.test.autoconfigure.restdocs.RestDocsTestExecutionListener@6b1cdf9e, org.springframework.boot.test.autoconfigure.web.client.MockRestServiceServerResetTestExecutionListener@34c3f058, org.springframework.boot.test.autoconfigure.web.servlet.MockMvcPrintOnlyOnFailureTestExecutionListener@1fc956e8, org.springframework.boot.test.autoconfigure.web.servlet.WebDriverTestExecutionListener@42810a3b, org.springframework.boot.test.mock.mockito.ResetMocksTestExecutionListener@4feccdda]
]]></system-out>
  <system-err><![CDATA[]]></system-err>
</testsuite>
