<?xml version="1.0" encoding="UTF-8"?>
<testsuite name="com.jojoldu.book.springboot.web.HelloControllerTest" tests="2" skipped="0" failures="0" errors="0" timestamp="2020-03-30T07:46:14" hostname="DESKTOP-77OBDL6" time="0.264">
  <properties/>
  <testcase name="hello가_리턴된다" classname="com.jojoldu.book.springboot.web.HelloControllerTest" time="0.111"/>
  <testcase name="helloDto가_리턴된다" classname="com.jojoldu.book.springboot.web.HelloControllerTest" time="0.153"/>
  <system-out><![CDATA[2020-03-30 16:46:12.964  INFO 15628 --- [    Test worker] .b.t.a.w.s.WebMvcTestContextBootstrapper : Neither @ContextConfiguration nor @ContextHierarchy found for test class [com.jojoldu.book.springboot.web.HelloControllerTest], using SpringBootContextLoader
2020-03-30 16:46:12.968  INFO 15628 --- [    Test worker] o.s.t.c.support.AbstractContextLoader    : Could not detect default resource locations for test class [com.jojoldu.book.springboot.web.HelloControllerTest]: no resource found for suffixes {-context.xml, Context.groovy}.
2020-03-30 16:46:12.968  INFO 15628 --- [    Test worker] t.c.s.AnnotationConfigContextLoaderUtils : Could not detect default configuration classes for test class [com.jojoldu.book.springboot.web.HelloControllerTest]: HelloControllerTest does not declare any static, non-private, non-final, nested classes annotated with @Configuration.
2020-03-30 16:46:13.013  INFO 15628 --- [    Test worker] .b.t.c.SpringBootTestContextBootstrapper : Found @SpringBootConfiguration com.jojoldu.book.springboot.Application for test class com.jojoldu.book.springboot.web.HelloControllerTest
2020-03-30 16:46:13.014  INFO 15628 --- [    Test worker] .b.t.a.w.s.WebMvcTestContextBootstrapper : Loaded default TestExecutionListener class names from location [META-INF/spring.factories]: [org.springframework.security.test.context.support.WithSecurityContextTestExecutionListener, org.springframework.security.test.context.support.ReactorContextTestExecutionListener, org.springframework.boot.test.autoconfigure.restdocs.RestDocsTestExecutionListener, org.springframework.boot.test.autoconfigure.web.client.MockRestServiceServerResetTestExecutionListener, org.springframework.boot.test.autoconfigure.web.servlet.MockMvcPrintOnlyOnFailureTestExecutionListener, org.springframework.boot.test.autoconfigure.web.servlet.WebDriverTestExecutionListener, org.springframework.boot.test.mock.mockito.MockitoTestExecutionListener, org.springframework.boot.test.mock.mockito.ResetMocksTestExecutionListener, org.springframework.test.context.web.ServletTestExecutionListener, org.springframework.test.context.support.DirtiesContextBeforeModesTestExecutionListener, org.springframework.test.context.support.DependencyInjectionTestExecutionListener, org.springframework.test.context.support.DirtiesContextTestExecutionListener, org.springframework.test.context.transaction.TransactionalTestExecutionListener, org.springframework.test.context.jdbc.SqlScriptsTestExecutionListener]
2020-03-30 16:46:13.017  INFO 15628 --- [    Test worker] .b.t.a.w.s.WebMvcTestContextBootstrapper : Using TestExecutionListeners: [org.springframework.test.context.web.ServletTestExecutionListener@a03c532, org.springframework.test.context.support.DirtiesContextBeforeModesTestExecutionListener@4f411508, org.springframework.boot.test.mock.mockito.MockitoTestExecutionListener@251c0054, org.springframework.boot.test.autoconfigure.SpringBootDependencyInjectionTestExecutionListener@3fe608f9, org.springframework.test.context.support.DirtiesContextTestExecutionListener@2b586062, org.springframework.test.context.transaction.TransactionalTestExecutionListener@6c76d954, org.springframework.test.context.jdbc.SqlScriptsTestExecutionListener@29ad7a2e, org.springframework.security.test.context.support.WithSecurityContextTestExecutionListener@26831e22, org.springframework.security.test.context.support.ReactorContextTestExecutionListener@4e3021e0, org.springframework.boot.test.autoconfigure.restdocs.RestDocsTestExecutionListener@14d6ed0b, org.springframework.boot.test.autoconfigure.web.client.MockRestServiceServerResetTestExecutionListener@56e899b5, org.springframework.boot.test.autoconfigure.web.servlet.MockMvcPrintOnlyOnFailureTestExecutionListener@6824ef44, org.springframework.boot.test.autoconfigure.web.servlet.WebDriverTestExecutionListener@27d4ec81, org.springframework.boot.test.mock.mockito.ResetMocksTestExecutionListener@4c9e3c5]

  .   ____          _            __ _ _
 /\\ / ___'_ __ _ _(_)_ __  __ _ \ \ \ \
( ( )\___ | '_ | '_| | '_ \/ _` | \ \ \ \
 \\/  ___)| |_)| | | | | || (_| |  ) ) ) )
  '  |____| .__|_| |_|_| |_\__, | / / / /
 =========|_|==============|___/=/_/_/_/
 :: Spring Boot ::        (v2.1.9.RELEASE)

2020-03-30 16:46:13.105  INFO 15628 --- [    Test worker] c.j.b.s.web.HelloControllerTest          : Starting HelloControllerTest on DESKTOP-77OBDL6 with PID 15628 (started by s_seunghoe9542 in C:\Users\s_seunghoe9542\IdeaProjects\freelec-springboot2-webservice)
2020-03-30 16:46:13.107  INFO 15628 --- [    Test worker] c.j.b.s.web.HelloControllerTest          : No active profile set, falling back to default profiles: default
2020-03-30 16:46:14.003  INFO 15628 --- [    Test worker] o.s.s.concurrent.ThreadPoolTaskExecutor  : Initializing ExecutorService 'applicationTaskExecutor'
2020-03-30 16:46:14.075  INFO 15628 --- [    Test worker] o.s.b.a.w.s.WelcomePageHandlerMapping    : Adding welcome page template: index
2020-03-30 16:46:14.551  INFO 15628 --- [    Test worker] .s.s.UserDetailsServiceAutoConfiguration : 

Using generated security password: 8a3290e0-b989-40a8-8a9d-5bfbfbbf2ef8

2020-03-30 16:46:14.839  INFO 15628 --- [    Test worker] o.s.s.web.DefaultSecurityFilterChain     : Creating filter chain: any request, [org.springframework.security.web.context.request.async.WebAsyncManagerIntegrationFilter@3482a0fd, org.springframework.security.web.context.SecurityContextPersistenceFilter@54ce43c, org.springframework.security.web.header.HeaderWriterFilter@4dd9fd08, org.springframework.security.web.csrf.CsrfFilter@7111cdab, org.springframework.security.web.authentication.logout.LogoutFilter@76c2302c, org.springframework.security.web.authentication.UsernamePasswordAuthenticationFilter@c4d0b9c, org.springframework.security.web.authentication.ui.DefaultLoginPageGeneratingFilter@4e15dfb, org.springframework.security.web.authentication.ui.DefaultLogoutPageGeneratingFilter@77f1cd9c, org.springframework.security.web.authentication.www.BasicAuthenticationFilter@73ded419, org.springframework.security.web.savedrequest.RequestCacheAwareFilter@640682e0, org.springframework.security.web.servletapi.SecurityContextHolderAwareRequestFilter@663512d5, org.springframework.security.web.authentication.AnonymousAuthenticationFilter@720ab167, org.springframework.security.web.session.SessionManagementFilter@325a0d8d, org.springframework.security.web.access.ExceptionTranslationFilter@51c60db8, org.springframework.security.web.access.intercept.FilterSecurityInterceptor@208b737c]
2020-03-30 16:46:14.901  INFO 15628 --- [    Test worker] o.s.b.t.m.w.SpringBootMockServletContext : Initializing Spring TestDispatcherServlet ''
2020-03-30 16:46:14.901  INFO 15628 --- [    Test worker] o.s.t.web.servlet.TestDispatcherServlet  : Initializing Servlet ''
2020-03-30 16:46:14.925  INFO 15628 --- [    Test worker] o.s.t.web.servlet.TestDispatcherServlet  : Completed initialization in 24 ms
2020-03-30 16:46:14.979  INFO 15628 --- [    Test worker] c.j.b.s.web.HelloControllerTest          : Started HelloControllerTest in 1.957 seconds (JVM running for 17.694)
]]></system-out>
  <system-err><![CDATA[]]></system-err>
</testsuite>
