<?xml version="1.0" encoding="UTF-8"?>
<testsuite name="com.jojoldu.book.springboot.web.HelloControllerTest" tests="2" skipped="0" failures="0" errors="0" timestamp="2020-03-31T04:55:16" hostname="DESKTOP-77OBDL6" time="0.262">
  <properties/>
  <testcase name="hello가_리턴된다" classname="com.jojoldu.book.springboot.web.HelloControllerTest" time="0.121"/>
  <testcase name="helloDto가_리턴된다" classname="com.jojoldu.book.springboot.web.HelloControllerTest" time="0.141"/>
  <system-out><![CDATA[2020-03-31 13:55:14.350  INFO 21304 --- [    Test worker] .b.t.a.w.s.WebMvcTestContextBootstrapper : Neither @ContextConfiguration nor @ContextHierarchy found for test class [com.jojoldu.book.springboot.web.HelloControllerTest], using SpringBootContextLoader
2020-03-31 13:55:14.352  INFO 21304 --- [    Test worker] o.s.t.c.support.AbstractContextLoader    : Could not detect default resource locations for test class [com.jojoldu.book.springboot.web.HelloControllerTest]: no resource found for suffixes {-context.xml, Context.groovy}.
2020-03-31 13:55:14.352  INFO 21304 --- [    Test worker] t.c.s.AnnotationConfigContextLoaderUtils : Could not detect default configuration classes for test class [com.jojoldu.book.springboot.web.HelloControllerTest]: HelloControllerTest does not declare any static, non-private, non-final, nested classes annotated with @Configuration.
2020-03-31 13:55:14.405  INFO 21304 --- [    Test worker] .b.t.c.SpringBootTestContextBootstrapper : Found @SpringBootConfiguration com.jojoldu.book.springboot.Application for test class com.jojoldu.book.springboot.web.HelloControllerTest
2020-03-31 13:55:14.406  INFO 21304 --- [    Test worker] .b.t.a.w.s.WebMvcTestContextBootstrapper : Loaded default TestExecutionListener class names from location [META-INF/spring.factories]: [org.springframework.security.test.context.support.WithSecurityContextTestExecutionListener, org.springframework.security.test.context.support.ReactorContextTestExecutionListener, org.springframework.boot.test.autoconfigure.restdocs.RestDocsTestExecutionListener, org.springframework.boot.test.autoconfigure.web.client.MockRestServiceServerResetTestExecutionListener, org.springframework.boot.test.autoconfigure.web.servlet.MockMvcPrintOnlyOnFailureTestExecutionListener, org.springframework.boot.test.autoconfigure.web.servlet.WebDriverTestExecutionListener, org.springframework.boot.test.mock.mockito.MockitoTestExecutionListener, org.springframework.boot.test.mock.mockito.ResetMocksTestExecutionListener, org.springframework.test.context.web.ServletTestExecutionListener, org.springframework.test.context.support.DirtiesContextBeforeModesTestExecutionListener, org.springframework.test.context.support.DependencyInjectionTestExecutionListener, org.springframework.test.context.support.DirtiesContextTestExecutionListener, org.springframework.test.context.transaction.TransactionalTestExecutionListener, org.springframework.test.context.jdbc.SqlScriptsTestExecutionListener]
2020-03-31 13:55:14.409  INFO 21304 --- [    Test worker] .b.t.a.w.s.WebMvcTestContextBootstrapper : Using TestExecutionListeners: [org.springframework.test.context.web.ServletTestExecutionListener@2ebd89b6, org.springframework.test.context.support.DirtiesContextBeforeModesTestExecutionListener@142c7ece, org.springframework.boot.test.mock.mockito.MockitoTestExecutionListener@3290fc57, org.springframework.boot.test.autoconfigure.SpringBootDependencyInjectionTestExecutionListener@3f89a665, org.springframework.test.context.support.DirtiesContextTestExecutionListener@7d3b781b, org.springframework.test.context.transaction.TransactionalTestExecutionListener@a96b37c, org.springframework.test.context.jdbc.SqlScriptsTestExecutionListener@3fd1943d, org.springframework.security.test.context.support.WithSecurityContextTestExecutionListener@4d99b72c, org.springframework.security.test.context.support.ReactorContextTestExecutionListener@6b44e524, org.springframework.boot.test.autoconfigure.restdocs.RestDocsTestExecutionListener@5476b663, org.springframework.boot.test.autoconfigure.web.client.MockRestServiceServerResetTestExecutionListener@6735b0ac, org.springframework.boot.test.autoconfigure.web.servlet.MockMvcPrintOnlyOnFailureTestExecutionListener@67954bb1, org.springframework.boot.test.autoconfigure.web.servlet.WebDriverTestExecutionListener@2bb4ffa2, org.springframework.boot.test.mock.mockito.ResetMocksTestExecutionListener@4a908119]

  .   ____          _            __ _ _
 /\\ / ___'_ __ _ _(_)_ __  __ _ \ \ \ \
( ( )\___ | '_ | '_| | '_ \/ _` | \ \ \ \
 \\/  ___)| |_)| | | | | || (_| |  ) ) ) )
  '  |____| .__|_| |_|_| |_\__, | / / / /
 =========|_|==============|___/=/_/_/_/
 :: Spring Boot ::        (v2.1.7.RELEASE)

2020-03-31 13:55:14.492  INFO 21304 --- [    Test worker] c.j.b.s.web.HelloControllerTest          : Starting HelloControllerTest on DESKTOP-77OBDL6 with PID 21304 (started by s_seunghoe9542 in C:\Users\s_seunghoe9542\IdeaProjects\freelec-springboot2-webservice)
2020-03-31 13:55:14.493  INFO 21304 --- [    Test worker] c.j.b.s.web.HelloControllerTest          : No active profile set, falling back to default profiles: default
2020-03-31 13:55:15.559  INFO 21304 --- [    Test worker] o.s.s.concurrent.ThreadPoolTaskExecutor  : Initializing ExecutorService 'applicationTaskExecutor'
2020-03-31 13:55:15.623  INFO 21304 --- [    Test worker] o.s.b.a.w.s.WelcomePageHandlerMapping    : Adding welcome page template: index
2020-03-31 13:55:16.028  INFO 21304 --- [    Test worker] .s.s.UserDetailsServiceAutoConfiguration : 

Using generated security password: 9a6d034b-cacd-4c31-b3ac-96dc5ce0c475

2020-03-31 13:55:16.319  INFO 21304 --- [    Test worker] o.s.s.web.DefaultSecurityFilterChain     : Creating filter chain: any request, [org.springframework.security.web.context.request.async.WebAsyncManagerIntegrationFilter@43e9fdcd, org.springframework.security.web.context.SecurityContextPersistenceFilter@74cd4021, org.springframework.security.web.header.HeaderWriterFilter@384a7370, org.springframework.security.web.csrf.CsrfFilter@70c596e1, org.springframework.security.web.authentication.logout.LogoutFilter@2910d360, org.springframework.security.web.authentication.UsernamePasswordAuthenticationFilter@5d041e08, org.springframework.security.web.authentication.ui.DefaultLoginPageGeneratingFilter@4ad1be00, org.springframework.security.web.authentication.ui.DefaultLogoutPageGeneratingFilter@61d8bfc6, org.springframework.security.web.authentication.www.BasicAuthenticationFilter@491b511a, org.springframework.security.web.savedrequest.RequestCacheAwareFilter@610f9d5a, org.springframework.security.web.servletapi.SecurityContextHolderAwareRequestFilter@a35b3f8, org.springframework.security.web.authentication.AnonymousAuthenticationFilter@72d8a166, org.springframework.security.web.session.SessionManagementFilter@64e48806, org.springframework.security.web.access.ExceptionTranslationFilter@147034e6, org.springframework.security.web.access.intercept.FilterSecurityInterceptor@2a2d0a1]
2020-03-31 13:55:16.379  INFO 21304 --- [    Test worker] o.s.b.t.m.w.SpringBootMockServletContext : Initializing Spring TestDispatcherServlet ''
2020-03-31 13:55:16.380  INFO 21304 --- [    Test worker] o.s.t.web.servlet.TestDispatcherServlet  : Initializing Servlet ''
2020-03-31 13:55:16.405  INFO 21304 --- [    Test worker] o.s.t.web.servlet.TestDispatcherServlet  : Completed initialization in 25 ms
2020-03-31 13:55:16.465  INFO 21304 --- [    Test worker] c.j.b.s.web.HelloControllerTest          : Started HelloControllerTest in 2.049 seconds (JVM running for 17.686)
]]></system-out>
  <system-err><![CDATA[]]></system-err>
</testsuite>
