<?xml version="1.0" encoding="UTF-8"?>
<testsuite name="com.jojoldu.book.springboot.web.domain.posts.PostsRepositoryTest" tests="2" skipped="0" failures="0" errors="0" timestamp="2020-03-28T07:31:04" hostname="DESKTOP-77OBDL6" time="0.203">
  <properties/>
  <testcase name="게시글저장_불러오기" classname="com.jojoldu.book.springboot.web.domain.posts.PostsRepositoryTest" time="0.186"/>
  <testcase name="BaseTimeEntity_등록" classname="com.jojoldu.book.springboot.web.domain.posts.PostsRepositoryTest" time="0.016"/>
  <system-out><![CDATA[2020-03-28 16:31:00.701  INFO 17172 --- [    Test worker] .b.t.c.SpringBootTestContextBootstrapper : Neither @ContextConfiguration nor @ContextHierarchy found for test class [com.jojoldu.book.springboot.web.domain.posts.PostsRepositoryTest], using SpringBootContextLoader
2020-03-28 16:31:00.704  INFO 17172 --- [    Test worker] o.s.t.c.support.AbstractContextLoader    : Could not detect default resource locations for test class [com.jojoldu.book.springboot.web.domain.posts.PostsRepositoryTest]: no resource found for suffixes {-context.xml, Context.groovy}.
2020-03-28 16:31:00.704  INFO 17172 --- [    Test worker] t.c.s.AnnotationConfigContextLoaderUtils : Could not detect default configuration classes for test class [com.jojoldu.book.springboot.web.domain.posts.PostsRepositoryTest]: PostsRepositoryTest does not declare any static, non-private, non-final, nested classes annotated with @Configuration.
2020-03-28 16:31:00.727  INFO 17172 --- [    Test worker] .b.t.c.SpringBootTestContextBootstrapper : Found @SpringBootConfiguration com.jojoldu.book.springboot.Application for test class com.jojoldu.book.springboot.web.domain.posts.PostsRepositoryTest
2020-03-28 16:31:00.731  INFO 17172 --- [    Test worker] .b.t.c.SpringBootTestContextBootstrapper : Loaded default TestExecutionListener class names from location [META-INF/spring.factories]: [org.springframework.security.test.context.support.WithSecurityContextTestExecutionListener, org.springframework.security.test.context.support.ReactorContextTestExecutionListener, org.springframework.boot.test.autoconfigure.restdocs.RestDocsTestExecutionListener, org.springframework.boot.test.autoconfigure.web.client.MockRestServiceServerResetTestExecutionListener, org.springframework.boot.test.autoconfigure.web.servlet.MockMvcPrintOnlyOnFailureTestExecutionListener, org.springframework.boot.test.autoconfigure.web.servlet.WebDriverTestExecutionListener, org.springframework.boot.test.mock.mockito.MockitoTestExecutionListener, org.springframework.boot.test.mock.mockito.ResetMocksTestExecutionListener, org.springframework.test.context.web.ServletTestExecutionListener, org.springframework.test.context.support.DirtiesContextBeforeModesTestExecutionListener, org.springframework.test.context.support.DependencyInjectionTestExecutionListener, org.springframework.test.context.support.DirtiesContextTestExecutionListener, org.springframework.test.context.transaction.TransactionalTestExecutionListener, org.springframework.test.context.jdbc.SqlScriptsTestExecutionListener]
2020-03-28 16:31:00.733  INFO 17172 --- [    Test worker] .b.t.c.SpringBootTestContextBootstrapper : Using TestExecutionListeners: [org.springframework.test.context.web.ServletTestExecutionListener@5b00e4b2, org.springframework.test.context.support.DirtiesContextBeforeModesTestExecutionListener@5bf94a10, org.springframework.boot.test.mock.mockito.MockitoTestExecutionListener@15e11cf0, org.springframework.boot.test.autoconfigure.SpringBootDependencyInjectionTestExecutionListener@6dc5c700, org.springframework.test.context.support.DirtiesContextTestExecutionListener@313c8b7e, org.springframework.test.context.transaction.TransactionalTestExecutionListener@2084ee83, org.springframework.test.context.jdbc.SqlScriptsTestExecutionListener@3d9f70ff, org.springframework.security.test.context.support.WithSecurityContextTestExecutionListener@7ea14d8b, org.springframework.security.test.context.support.ReactorContextTestExecutionListener@2b134e5a, org.springframework.boot.test.autoconfigure.restdocs.RestDocsTestExecutionListener@2ce44d4d, org.springframework.boot.test.autoconfigure.web.client.MockRestServiceServerResetTestExecutionListener@6a3ad8a6, org.springframework.boot.test.autoconfigure.web.servlet.MockMvcPrintOnlyOnFailureTestExecutionListener@1e031d7f, org.springframework.boot.test.autoconfigure.web.servlet.WebDriverTestExecutionListener@2fd3e17b, org.springframework.boot.test.mock.mockito.ResetMocksTestExecutionListener@21535fe9]

  .   ____          _            __ _ _
 /\\ / ___'_ __ _ _(_)_ __  __ _ \ \ \ \
( ( )\___ | '_ | '_| | '_ \/ _` | \ \ \ \
 \\/  ___)| |_)| | | | | || (_| |  ) ) ) )
  '  |____| .__|_| |_|_| |_\__, | / / / /
 =========|_|==============|___/=/_/_/_/
 :: Spring Boot ::        (v2.1.7.RELEASE)

2020-03-28 16:31:00.810  INFO 17172 --- [    Test worker] c.j.b.s.w.d.posts.PostsRepositoryTest    : Starting PostsRepositoryTest on DESKTOP-77OBDL6 with PID 17172 (started by s_seunghoe9542 in C:\Users\s_seunghoe9542\IdeaProjects\freelec-springboot2-webservice)
2020-03-28 16:31:00.811  INFO 17172 --- [    Test worker] c.j.b.s.w.d.posts.PostsRepositoryTest    : No active profile set, falling back to default profiles: default
2020-03-28 16:31:01.308  INFO 17172 --- [    Test worker] .s.d.r.c.RepositoryConfigurationDelegate : Bootstrapping Spring Data repositories in DEFAULT mode.
2020-03-28 16:31:01.362  INFO 17172 --- [    Test worker] .s.d.r.c.RepositoryConfigurationDelegate : Finished Spring Data repository scanning in 53ms. Found 2 repository interfaces.
2020-03-28 16:31:01.586  INFO 17172 --- [    Test worker] trationDelegate$BeanPostProcessorChecker : Bean 'org.springframework.transaction.annotation.ProxyTransactionManagementConfiguration' of type [org.springframework.transaction.annotation.ProxyTransactionManagementConfiguration$$EnhancerBySpringCGLIB$$69ba7606] is not eligible for getting processed by all BeanPostProcessors (for example: not eligible for auto-proxying)
2020-03-28 16:31:01.735  INFO 17172 --- [    Test worker] com.zaxxer.hikari.HikariDataSource       : HikariPool-2 - Starting...
2020-03-28 16:31:01.737  INFO 17172 --- [    Test worker] com.zaxxer.hikari.HikariDataSource       : HikariPool-2 - Start completed.
2020-03-28 16:31:01.806  INFO 17172 --- [    Test worker] o.hibernate.jpa.internal.util.LogHelper  : HHH000204: Processing PersistenceUnitInfo [
	name: default
	...]
2020-03-28 16:31:01.828  INFO 17172 --- [    Test worker] org.hibernate.dialect.Dialect            : HHH000400: Using dialect: org.hibernate.dialect.MySQL5InnoDBDialect
Hibernate: drop table if exists posts
Hibernate: drop table if exists user
Hibernate: create table posts (id bigint not null auto_increment, created_date datetime, modified_date datetime, author varchar(255), content varchar(500) not null, title varchar(500) not null, primary key (id)) engine=InnoDB
Hibernate: create table user (id bigint not null auto_increment, created_date datetime, modified_date datetime, email varchar(255) not null, name varchar(255) not null, picture varchar(255), role varchar(255) not null, primary key (id)) engine=InnoDB
2020-03-28 16:31:01.910  INFO 17172 --- [    Test worker] o.h.t.schema.internal.SchemaCreatorImpl  : HHH000476: Executing import script 'org.hibernate.tool.schema.internal.exec.ScriptSourceInputNonExistentImpl@72106a1d'
2020-03-28 16:31:01.910  INFO 17172 --- [    Test worker] j.LocalContainerEntityManagerFactoryBean : Initialized JPA EntityManagerFactory for persistence unit 'default'
2020-03-28 16:31:02.272  INFO 17172 --- [    Test worker] o.h.h.i.QueryTranslatorFactoryInitiator  : HHH000397: Using ASTQueryTranslatorFactory
2020-03-28 16:31:02.618  INFO 17172 --- [    Test worker] o.s.s.web.DefaultSecurityFilterChain     : Creating filter chain: any request, [org.springframework.security.web.context.request.async.WebAsyncManagerIntegrationFilter@46817f6b, org.springframework.security.web.context.SecurityContextPersistenceFilter@37c51831, org.springframework.security.web.header.HeaderWriterFilter@7f43dba1, org.springframework.security.web.authentication.logout.LogoutFilter@6f4edf49, org.springframework.security.oauth2.client.web.OAuth2AuthorizationRequestRedirectFilter@530c214d, org.springframework.security.oauth2.client.web.OAuth2LoginAuthenticationFilter@2ae0289a, org.springframework.security.web.authentication.ui.DefaultLoginPageGeneratingFilter@705555e2, org.springframework.security.web.authentication.ui.DefaultLogoutPageGeneratingFilter@338d2948, org.springframework.security.web.savedrequest.RequestCacheAwareFilter@12e1cb92, org.springframework.security.web.servletapi.SecurityContextHolderAwareRequestFilter@739e94bc, org.springframework.security.web.authentication.AnonymousAuthenticationFilter@139603d, org.springframework.security.web.session.SessionManagementFilter@2df5d7aa, org.springframework.security.web.access.ExceptionTranslationFilter@2ce12c0f, org.springframework.security.web.access.intercept.FilterSecurityInterceptor@494787d4]
2020-03-28 16:31:03.166  INFO 17172 --- [    Test worker] o.s.s.concurrent.ThreadPoolTaskExecutor  : Initializing ExecutorService 'applicationTaskExecutor'
2020-03-28 16:31:03.188  WARN 17172 --- [    Test worker] aWebConfiguration$JpaWebMvcConfiguration : spring.jpa.open-in-view is enabled by default. Therefore, database queries may be performed during view rendering. Explicitly configure spring.jpa.open-in-view to disable this warning
2020-03-28 16:31:03.238  INFO 17172 --- [    Test worker] o.s.b.a.w.s.WelcomePageHandlerMapping    : Adding welcome page template: index
2020-03-28 16:31:03.985  INFO 17172 --- [    Test worker] s.a.ScheduledAnnotationBeanPostProcessor : No TaskScheduler/ScheduledExecutorService bean found for scheduled processing
2020-03-28 16:31:03.987  INFO 17172 --- [    Test worker] c.j.b.s.w.d.posts.PostsRepositoryTest    : Started PostsRepositoryTest in 3.24 seconds (JVM running for 19.039)
Hibernate: insert into posts (created_date, modified_date, author, content, title) values (?, ?, ?, ?, ?)
Hibernate: select posts0_.id as id1_0_, posts0_.created_date as created_2_0_, posts0_.modified_date as modified3_0_, posts0_.author as author4_0_, posts0_.content as content5_0_, posts0_.title as title6_0_ from posts posts0_
Hibernate: select posts0_.id as id1_0_, posts0_.created_date as created_2_0_, posts0_.modified_date as modified3_0_, posts0_.author as author4_0_, posts0_.content as content5_0_, posts0_.title as title6_0_ from posts posts0_
Hibernate: delete from posts where id=?
Hibernate: insert into posts (created_date, modified_date, author, content, title) values (?, ?, ?, ?, ?)
Hibernate: select posts0_.id as id1_0_, posts0_.created_date as created_2_0_, posts0_.modified_date as modified3_0_, posts0_.author as author4_0_, posts0_.content as content5_0_, posts0_.title as title6_0_ from posts posts0_
>>>>>>>>> createDate=2020-03-28T16:31:04.194846, modifiedDate=2020-03-28T16:31:04.194846
Hibernate: select posts0_.id as id1_0_, posts0_.created_date as created_2_0_, posts0_.modified_date as modified3_0_, posts0_.author as author4_0_, posts0_.content as content5_0_, posts0_.title as title6_0_ from posts posts0_
Hibernate: delete from posts where id=?
]]></system-out>
  <system-err><![CDATA[]]></system-err>
</testsuite>
